<?xml version='1.0'?>
<ns2:test-suite xmlns:ns2='urn:model.allure.qatools.yandex.ru' start='1651496601949' stop='1651496648359'>
    <name>Frames-test</name>
    <title>Frames-test</title>
    <test-cases>
        <test-case start='1651496601949' status='failed' stop='1651496648274'>
            <name>Demo example</name>
            <title>Demo example</title>
            <labels/>
            <parameters/>
            <steps/>
            <attachments/>
            <failure>
                <message>Timed out retrying after 15000ms: Expected to find element: `h1[class*='pricing-title']`, but never found it. Queried from element: &lt;body></message>
                <stack-trace>AssertionError: Timed out retrying after 15000ms: Expected to find element: `h1[class*='pricing-title']`, but never found it. Queried from element: &lt;body>
                    at Context.eval (https://rahulshettyacademy.com/__cypress/tests?p=cypress\integration\2-advanced-examples\Test8Frame.js:108:52)</stack-trace>
            </failure>
        </test-case>
    </test-cases>
</ns2:test-suite>